<?xml version="1.0" encoding="UTF-8"?>
<!-- Generated by org.testng.reporters.JUnitReportReporter -->
<testsuite hostname="DESKTOP-LOTSCU6" failures="0" tests="1" name="TestCases.QAlegentNewTestCases" time="38.738" errors="0" timestamp="2024-09-17T21:36:11 IST" skipped="0">
  <testcase classname="TestCases.QAlegentNewTestCases" name="deleteUser" time="38.738"/>
</testsuite> <!-- TestCases.QAlegentNewTestCases -->
